\BOOKMARK [0][-]{chapter.1}{\376\377\000I\000n\000t\000r\000o\000d\000u\000c\000t\000i\000o\000n\000\040\000a\000n\000d\000\040\000L\000i\000t\000e\000r\000a\000t\000u\000r\000e\000\040\000R\000e\000v\000i\000e\000w}{}% 1
\BOOKMARK [1][-]{section.1.1}{\376\377\000M\000o\000t\000i\000v\000a\000t\000i\000o\000n\000\040\000a\000n\000d\000\040\000I\000n\000d\000u\000s\000t\000r\000i\000a\000l\000\040\000C\000o\000n\000t\000e\000x\000t}{chapter.1}% 2
\BOOKMARK [1][-]{section.1.2}{\376\377\000S\000t\000a\000t\000e\000\040\000o\000f\000\040\000t\000h\000e\000\040\000A\000r\000t}{chapter.1}% 3
\BOOKMARK [1][-]{section.1.3}{\376\377\000O\000b\000j\000e\000c\000t\000i\000v\000e\000s\000\040\000a\000n\000d\000\040\000A\000p\000p\000r\000o\000a\000c\000h}{chapter.1}% 4
\BOOKMARK [0][-]{chapter.2}{\376\377\000T\000h\000e\000o\000r\000e\000t\000i\000c\000a\000l\000\040\000B\000a\000c\000k\000g\000r\000o\000u\000n\000d}{}% 5
\BOOKMARK [1][-]{section.2.1}{\376\377\000P\000l\000a\000s\000m\000a\000\040\000G\000e\000n\000e\000r\000a\000t\000i\000o\000n\000\040\000a\000n\000d\000\040\000C\000o\000m\000p\000o\000s\000i\000t\000i\000o\000n}{chapter.2}% 6
\BOOKMARK [2][-]{subsection.2.1.1}{\376\377\000C\000a\000t\000h\000o\000d\000e\000\040\000S\000p\000o\000t\000\040\000P\000l\000a\000s\000m\000a\000\040\000G\000e\000n\000e\000r\000a\000t\000i\000o\000n}{section.2.1}% 7
\BOOKMARK [2][-]{subsection.2.1.2}{\376\377\000P\000l\000a\000s\000m\000a\000\040\000C\000o\000m\000p\000o\000s\000i\000t\000i\000o\000n\000\040\000a\000n\000d\000\040\000E\000x\000p\000a\000n\000s\000i\000o\000n}{section.2.1}% 8
\BOOKMARK [1][-]{section.2.2}{\376\377\000I\000o\000n\000\040\000E\000n\000e\000r\000g\000y\000\040\000a\000n\000d\000\040\000F\000l\000u\000x}{chapter.2}% 9
\BOOKMARK [2][-]{subsection.2.2.1}{\376\377\000I\000o\000n\000\040\000E\000n\000e\000r\000g\000i\000e\000s\000:\000\040\000O\000r\000i\000g\000i\000n\000s\000\040\000a\000n\000d\000\040\000I\000m\000p\000l\000i\000c\000a\000t\000i\000o\000n\000s}{section.2.2}% 10
\BOOKMARK [2][-]{subsection.2.2.2}{\376\377\000I\000o\000n\000\040\000F\000l\000u\000x\000\040\000a\000n\000d\000\040\000D\000i\000a\000g\000n\000o\000s\000t\000i\000c\000s}{section.2.2}% 11
\BOOKMARK [1][-]{section.2.3}{\376\377\000P\000l\000a\000s\000m\000a\040\023\000S\000u\000r\000f\000a\000c\000e\000\040\000I\000n\000t\000e\000r\000a\000c\000t\000i\000o\000n\000s\000\040\000a\000n\000d\000\040\000F\000i\000l\000m\000\040\000G\000r\000o\000w\000t\000h}{chapter.2}% 12
\BOOKMARK [2][-]{subsection.2.3.1}{\376\377\000E\000n\000e\000r\000g\000e\000t\000i\000c\000\040\000C\000o\000n\000d\000e\000n\000s\000a\000t\000i\000o\000n\000\040\000a\000n\000d\000\040\000S\000u\000b\000p\000l\000a\000n\000t\000a\000t\000i\000o\000n}{section.2.3}% 13
\BOOKMARK [2][-]{subsection.2.3.2}{\376\377\000R\000e\000a\000c\000t\000i\000v\000e\000\040\000v\000s\000\040\000M\000e\000t\000a\000l\000l\000i\000c\000\040\000M\000o\000d\000e}{section.2.3}% 14
\BOOKMARK [1][-]{section.2.4}{\376\377\000C\000r\000y\000s\000t\000a\000l\000\040\000S\000t\000r\000u\000c\000t\000u\000r\000e\000\040\000a\000n\000d\000\040\000D\000e\000n\000s\000i\000f\000i\000c\000a\000t\000i\000o\000n}{chapter.2}% 15
\BOOKMARK [2][-]{subsection.2.4.1}{\376\377\000S\000t\000r\000u\000c\000t\000u\000r\000e\000-\000Z\000o\000n\000e\000\040\000M\000o\000d\000e\000l\000s}{section.2.4}% 16
\BOOKMARK [2][-]{subsection.2.4.2}{\376\377\000T\000i\000A\000l\000N\000\040\000C\000r\000y\000s\000t\000a\000l\000\040\000S\000t\000r\000u\000c\000t\000u\000r\000e\000s}{section.2.4}% 17
\BOOKMARK [0][-]{chapter.3}{\376\377\000E\000x\000p\000e\000r\000i\000m\000e\000n\000t\000a\000l\000\040\000M\000e\000t\000h\000o\000d\000o\000l\000o\000g\000y}{}% 18
\BOOKMARK [1][-]{section.3.1}{\376\377\000E\000x\000p\000e\000r\000i\000m\000e\000n\000t\000a\000l\000\040\000A\000p\000p\000a\000r\000a\000t\000u\000s\000\040\000a\000n\000d\000\040\000S\000e\000t\000u\000p}{chapter.3}% 19
\BOOKMARK [2][-]{subsection.3.1.1}{\376\377\000V\000a\000c\000u\000u\000m\000\040\000\046\000\040\000G\000a\000s\000\040\000I\000n\000f\000r\000a\000s\000t\000r\000u\000c\000t\000u\000r\000e}{section.3.1}% 20
\BOOKMARK [2][-]{subsection.3.1.2}{\376\377\000P\000o\000w\000e\000r\000\040\000\046\000\040\000T\000r\000i\000g\000g\000e\000r\000i\000n\000g}{section.3.1}% 21
\BOOKMARK [1][-]{section.3.2}{\376\377\000I\000n\000\040\000s\000i\000t\000u\000\040\000D\000i\000a\000g\000n\000o\000s\000t\000i\000c\000s}{chapter.3}% 22
\BOOKMARK [2][-]{subsection.3.2.1}{\376\377\000I\000o\000n\000-\000c\000u\000r\000r\000e\000n\000t\000\040\000P\000r\000o\000b\000e\000-\000\040\000L\000a\000n\000g\000m\000u\000i\000r\000\040\000p\000r\000o\000b\000e}{section.3.2}% 23
\BOOKMARK [2][-]{subsection.3.2.2}{\376\377\000Q\000u\000a\000r\000t\000z\000\040\000C\000r\000y\000s\000t\000a\000l\000\040\000M\000i\000c\000r\000o\000b\000a\000l\000a\000n\000c\000e}{section.3.2}% 24
\BOOKMARK [2][-]{subsection.3.2.3}{\376\377\000C\000o\000m\000p\000a\000r\000a\000b\000i\000l\000i\000t\000y\000\040\000w\000i\000t\000h\000\040\000Q\000C\000M\000\040\000M\000e\000a\000s\000u\000r\000e\000m\000e\000n\000t\000s}{section.3.2}% 25
\BOOKMARK [2][-]{subsection.3.2.4}{\376\377\000Q\000u\000a\000d\000r\000u\000p\000o\000l\000e\000\040\000M\000a\000s\000s\000\040\000S\000p\000e\000c\000t\000r\000o\000m\000e\000t\000e\000r}{section.3.2}% 26
\BOOKMARK [1][-]{section.3.3}{\376\377\000E\000x\000\040\000s\000i\000t\000u\000\040\000M\000e\000a\000s\000u\000r\000e\000m\000e\000n\000t\000s}{chapter.3}% 27
\BOOKMARK [2][-]{subsection.3.3.1}{\376\377\000P\000r\000o\000f\000i\000l\000o\000m\000e\000t\000r\000y}{section.3.3}% 28
\BOOKMARK [2][-]{subsection.3.3.2}{\376\377\000X\000-\000r\000a\000y\000\040\000D\000i\000f\000f\000r\000a\000c\000t\000i\000o\000n\000\040\000\050\000X\000R\000D\000\051}{section.3.3}% 29
\BOOKMARK [2][-]{subsection.3.3.3}{\376\377\000X\000-\000r\000a\000y\000\040\000R\000e\000f\000l\000e\000c\000t\000o\000m\000e\000t\000r\000y\000\040\000\050\000X\000R\000R\000\051}{section.3.3}% 30
\BOOKMARK [2][-]{subsection.3.3.4}{\376\377\000S\000c\000a\000n\000n\000i\000n\000g\000\040\000E\000l\000e\000c\000t\000r\000o\000n\000\040\000M\000i\000c\000r\000o\000s\000c\000o\000p\000y\000\040\000\050\000S\000E\000M\000\051}{section.3.3}% 31
\BOOKMARK [2][-]{subsection.3.3.5}{\376\377\000E\000n\000e\000r\000g\000y\000-\000d\000i\000s\000p\000e\000r\000s\000i\000v\000e\000\040\000X\000-\000r\000a\000y\000\040\000s\000p\000e\000c\000t\000r\000o\000s\000c\000o\000p\000y\000\040\000\050\000E\000D\000X\000\051}{section.3.3}% 32
\BOOKMARK [1][-]{section.3.4}{\376\377\000D\000a\000t\000a\000\040\000P\000r\000o\000c\000e\000s\000s\000i\000n\000g}{chapter.3}% 33
\BOOKMARK [1][-]{section.3.5}{\376\377\000E\000r\000r\000o\000r\000\040\000H\000a\000n\000d\000l\000i\000n\000g}{chapter.3}% 34
\BOOKMARK [2][-]{subsection.3.5.1}{\376\377\000M\000a\000s\000s\000\040\000S\000p\000e\000c\000t\000r\000o\000m\000e\000t\000r\000y\000\040\000M\000e\000a\000s\000u\000r\000e\000m\000e\000n\000t\000s}{section.3.5}% 35
\BOOKMARK [2][-]{subsection.3.5.2}{\376\377\000Q\000C\000M\000\040\000a\000n\000d\000\040\000I\000o\000n\000\040\000C\000u\000r\000r\000e\000n\000t\000\040\000P\000r\000o\000b\000e\000\040\000M\000e\000a\000s\000u\000r\000e\000m\000e\000n\000t\000s}{section.3.5}% 36
\BOOKMARK [2][-]{subsection.3.5.3}{\376\377\000E\000r\000r\000o\000r\000\040\000P\000r\000o\000p\000a\000g\000a\000t\000i\000o\000n\000\040\000A\000n\000a\000l\000y\000s\000i\000s}{section.3.5}% 37
\BOOKMARK [0][-]{chapter.4}{\376\377\000R\000e\000s\000u\000l\000t\000s}{}% 38
\BOOKMARK [1][-]{section.4.1}{\376\377\000L\000a\000n\000g\000m\000u\000i\000r\000\040\000P\000r\000o\000b\000e\000\040\000B\000i\000a\000s\000\040\000V\000o\000l\000t\000a\000g\000e\000\040\000C\000h\000a\000r\000a\000c\000t\000e\000r\000i\000z\000a\000t\000i\000o\000n}{chapter.4}% 39
\BOOKMARK [2][-]{subsection.4.1.1}{\376\377\000V\000a\000l\000i\000d\000a\000t\000i\000o\000n\000\040\000o\000f\000\040\000L\000a\000n\000g\000m\000u\000i\000r\000\040\000P\000r\000o\000b\000e\000\040\000O\000p\000e\000r\000a\000t\000i\000o\000n}{section.4.1}% 40
\BOOKMARK [2][-]{subsection.4.1.2}{\376\377\000A\000n\000a\000l\000y\000s\000i\000s\000\040\000o\000f\000\040\000t\000h\000e\000\040\000I\000o\000n\000\040\000S\000a\000t\000u\000r\000a\000t\000i\000o\000n\000\040\000C\000u\000r\000v\000e}{section.4.1}% 41
\BOOKMARK [2][-]{subsection.4.1.3}{\376\377\000S\000e\000l\000e\000c\000t\000i\000o\000n\000\040\000o\000f\000\040\000O\000p\000e\000r\000a\000t\000i\000n\000g\000\040\000B\000i\000a\000s\000\040\000V\000o\000l\000t\000a\000g\000e}{section.4.1}% 42
\BOOKMARK [2][-]{subsection.4.1.4}{\376\377\000I\000o\000n\000\040\000c\000u\000r\000r\000e\000n\000t\000\040\000V\000a\000r\000i\000a\000t\000i\000o\000n\000\040\000o\000v\000e\000r\000\040\000d\000i\000f\000f\000e\000r\000e\000n\000t\000\040\000p\000u\000l\000s\000e\000s}{section.4.1}% 43
\BOOKMARK [1][-]{section.4.2}{\376\377\000Q\000u\000a\000r\000t\000z\000\040\000c\000r\000y\000s\000t\000a\000l\000\040\000M\000i\000c\000r\000o\000b\000a\000l\000a\000n\000c\000e\000\040\000a\000n\000d\000\040\000I\000o\000n\000\040\000c\000u\000r\000r\000e\000n\000t\000\040\000P\000r\000o\000b\000e}{chapter.4}% 44
\BOOKMARK [2][-]{subsection.4.2.1}{\376\377\000M\000e\000t\000a\000l\000l\000i\000c\000\040\000C\000a\000s\000e\000\040\000\050\000N\000o\000\040\000N\000i\000t\000r\000o\000g\000e\000n\000\051}{section.4.2}% 45
\BOOKMARK [2][-]{subsection.4.2.2}{\376\377\000D\000i\000s\000t\000a\000n\000c\000e\000\040\000a\000s\000\040\000a\000\040\000v\000a\000r\000i\000a\000b\000l\000e}{section.4.2}% 46
\BOOKMARK [2][-]{subsection.4.2.3}{\376\377\000M\000a\000g\000n\000e\000t\000i\000c\000\040\000F\000i\000e\000l\000d\000\040\000a\000s\000\040\000a\000\040\000v\000a\000r\000i\000a\000b\000l\000e}{section.4.2}% 47
\BOOKMARK [2][-]{subsection.4.2.4}{\376\377\000N\000i\000t\000r\000o\000g\000e\000n\000\040\000p\000r\000e\000s\000s\000u\000r\000e\000\040\000a\000s\000\040\000a\000\040\000v\000a\000r\000i\000a\000b\000l\000e}{section.4.2}% 48
\BOOKMARK [1][-]{section.4.3}{\376\377\000M\000a\000s\000s\000\040\000s\000p\000e\000c\000t\000r\000o\000m\000e\000t\000r\000y\000\040\000R\000e\000s\000u\000l\000t\000s}{chapter.4}% 49
\BOOKMARK [1][-]{section.4.4}{\376\377\000E\000x\000\040\000s\000i\000t\000u\000\040\000R\000e\000s\000u\000l\000t\000s}{chapter.4}% 50
\BOOKMARK [2][-]{subsection.4.4.1}{\376\377\000P\000r\000o\000f\000i\000l\000o\000m\000e\000t\000r\000y}{section.4.4}% 51
\BOOKMARK [2][-]{subsection.4.4.2}{\376\377\000X\000R\000D}{section.4.4}% 52
\BOOKMARK [2][-]{subsection.4.4.3}{\376\377\000X\000R\000R}{section.4.4}% 53
\BOOKMARK [2][-]{subsection.4.4.4}{\376\377\000E\000D\000X}{section.4.4}% 54
\BOOKMARK [1][-]{section.4.5}{\376\377\000F\000l\000u\000x\000e\000s}{chapter.4}% 55
\BOOKMARK [0][-]{chapter.5}{\376\377\000D\000i\000s\000c\000u\000s\000s\000i\000o\000n\000\040\000o\000f\000\040\000R\000e\000s\000u\000l\000t\000s}{}% 56
\BOOKMARK [0][-]{chapter.6}{\376\377\000C\000o\000n\000c\000l\000u\000s\000i\000o\000n}{}% 57
\BOOKMARK [0][-]{chapter.7}{\376\377\000f\000i\000n\000a\000l\000\040\000w\000o\000r\000d\000s\000\040\000o\000r\000\040\000s\000m\000t\000\040\000l\000i\000k\000e\000\040\000t\000h\000a\000n\000k\000s\000\040\000e\000v\000e\000r\000y\000o\000n\000e}{}% 58
\BOOKMARK [0][-]{chapter.1}{\376\377\000A\000d\000d\000i\000t\000i\000o\000n\000a\000l\000\040\000P\000l\000o\000t\000s}{}% 59
\BOOKMARK [0][-]{chapter.2}{\376\377\000P\000y\000t\000h\000o\000n\000\040\000c\000o\000d\000e\000\040\000u\000s\000e\000d}{}% 60
